  CApplication.cpp
  CBlock.cpp
  CBullet.cpp
  CCamera.cpp
  CCharacter.cpp
  CCharacterManager.cpp
  CEnemy.cpp
  CEnemy2.cpp
  CFont.cpp
  CGame.cpp
  CMaterial.cpp
  CModel.cpp
C:\Users\gc230\OneDrive\デスクトップ\Git\08Nishihara\3DLv1_vs2019_00\GameProgramming\src\CModel.cpp(204,20): warning C4018: '<': signed と unsigned の数値を比較しようとしました。
C:\Users\gc230\OneDrive\デスクトップ\Git\08Nishihara\3DLv1_vs2019_00\GameProgramming\src\CModel.cpp(214,20): warning C4018: '<': signed と unsigned の数値を比較しようとしました。
  CPlayer.cpp
  CPlayer2.cpp
C:\Users\gc230\OneDrive\デスクトップ\Git\08Nishihara\3DLv1_vs2019_00\GameProgramming\src\CPlayer2.cpp(12,1): warning C4005: 'VELOCITY': マクロが再定義されました。
C:\Users\gc230\OneDrive\デスクトップ\Git\08Nishihara\3DLv1_vs2019_00\GameProgramming\src\CCharacter.h(6): message : 'VELOCITY' の以前の定義を確認してください
  CPoint.cpp
  CRectangle.cpp
  CSound.cpp
  CTexture.cpp
  CInput.cpp
  CTriangle.cpp
  コードを生成中...
  コンパイル中...
  CUi.cpp
  CVector.cpp
  main.cpp
  コードを生成中...
LINK : warning LNK4098: defaultlib 'MSVCRT' は他のライブラリの使用と競合しています。/NODEFAULTLIB:library を使用してください。
LINK : warning LNK4098: defaultlib 'LIBCMT' は他のライブラリの使用と競合しています。/NODEFAULTLIB:library を使用してください。
  GameProgramming.vcxproj -> C:\Users\gc230\OneDrive\デスクトップ\Git\08Nishihara\3DLv1_vs2019_00\Debug\GameProgramming.exe
