c:\users\gc230\onedrive\デスクトップ\git\08nishihara\3dlv1_vs2019_00\gameprogramming\debug\vc142.pdb
c:\users\gc230\onedrive\デスクトップ\git\08nishihara\3dlv1_vs2019_00\gameprogramming\debug\vc142.idb
c:\users\gc230\onedrive\デスクトップ\git\08nishihara\3dlv1_vs2019_00\gameprogramming\debug\cui.obj
c:\users\gc230\onedrive\デスクトップ\git\08nishihara\3dlv1_vs2019_00\gameprogramming\debug\cinput.obj
c:\users\gc230\onedrive\デスクトップ\git\08nishihara\3dlv1_vs2019_00\gameprogramming\debug\ctexture.obj
c:\users\gc230\onedrive\デスクトップ\git\08nishihara\3dlv1_vs2019_00\gameprogramming\debug\csound.obj
c:\users\gc230\onedrive\デスクトップ\git\08nishihara\3dlv1_vs2019_00\gameprogramming\debug\crectangle.obj
c:\users\gc230\onedrive\デスクトップ\git\08nishihara\3dlv1_vs2019_00\gameprogramming\debug\cpoint.obj
c:\users\gc230\onedrive\デスクトップ\git\08nishihara\3dlv1_vs2019_00\gameprogramming\debug\cplayer2.obj
c:\users\gc230\onedrive\デスクトップ\git\08nishihara\3dlv1_vs2019_00\gameprogramming\debug\cplayer.obj
c:\users\gc230\onedrive\デスクトップ\git\08nishihara\3dlv1_vs2019_00\gameprogramming\debug\cmodel.obj
c:\users\gc230\onedrive\デスクトップ\git\08nishihara\3dlv1_vs2019_00\gameprogramming\debug\cgame.obj
c:\users\gc230\onedrive\デスクトップ\git\08nishihara\3dlv1_vs2019_00\gameprogramming\debug\cfont.obj
c:\users\gc230\onedrive\デスクトップ\git\08nishihara\3dlv1_vs2019_00\gameprogramming\debug\cenemy2.obj
c:\users\gc230\onedrive\デスクトップ\git\08nishihara\3dlv1_vs2019_00\gameprogramming\debug\cenemy.obj
c:\users\gc230\onedrive\デスクトップ\git\08nishihara\3dlv1_vs2019_00\gameprogramming\debug\ccharactermanager.obj
c:\users\gc230\onedrive\デスクトップ\git\08nishihara\3dlv1_vs2019_00\gameprogramming\debug\ccharacter.obj
c:\users\gc230\onedrive\デスクトップ\git\08nishihara\3dlv1_vs2019_00\gameprogramming\debug\ccamera.obj
c:\users\gc230\onedrive\デスクトップ\git\08nishihara\3dlv1_vs2019_00\gameprogramming\debug\cbullet.obj
c:\users\gc230\onedrive\デスクトップ\git\08nishihara\3dlv1_vs2019_00\gameprogramming\debug\cblock.obj
c:\users\gc230\onedrive\デスクトップ\git\08nishihara\3dlv1_vs2019_00\gameprogramming\debug\capplication.obj
c:\users\gc230\onedrive\デスクトップ\git\08nishihara\3dlv1_vs2019_00\gameprogramming\debug\main.obj
c:\users\gc230\onedrive\デスクトップ\git\08nishihara\3dlv1_vs2019_00\gameprogramming\debug\cvector.obj
c:\users\gc230\onedrive\デスクトップ\git\08nishihara\3dlv1_vs2019_00\gameprogramming\debug\ctriangle.obj
c:\users\gc230\onedrive\デスクトップ\git\08nishihara\3dlv1_vs2019_00\gameprogramming\debug\cmaterial.obj
c:\users\gc230\onedrive\デスクトップ\git\08nishihara\3dlv1_vs2019_00\debug\gameprogramming.exe
c:\users\gc230\onedrive\デスクトップ\git\08nishihara\3dlv1_vs2019_00\gameprogramming\debug\gameprogramming.ilk
c:\users\gc230\onedrive\デスクトップ\git\08nishihara\3dlv1_vs2019_00\debug\gameprogramming.pdb
c:\users\gc230\onedrive\デスクトップ\git\08nishihara\3dlv1_vs2019_00\gameprogramming\debug\gameprogramming.tlog\cl.command.1.tlog
c:\users\gc230\onedrive\デスクトップ\git\08nishihara\3dlv1_vs2019_00\gameprogramming\debug\gameprogramming.tlog\cl.read.1.tlog
c:\users\gc230\onedrive\デスクトップ\git\08nishihara\3dlv1_vs2019_00\gameprogramming\debug\gameprogramming.tlog\cl.write.1.tlog
c:\users\gc230\onedrive\デスクトップ\git\08nishihara\3dlv1_vs2019_00\gameprogramming\debug\gameprogramming.tlog\link-cvtres.read.1.tlog
c:\users\gc230\onedrive\デスクトップ\git\08nishihara\3dlv1_vs2019_00\gameprogramming\debug\gameprogramming.tlog\link-cvtres.write.1.tlog
c:\users\gc230\onedrive\デスクトップ\git\08nishihara\3dlv1_vs2019_00\gameprogramming\debug\gameprogramming.tlog\link-rc.read.1.tlog
c:\users\gc230\onedrive\デスクトップ\git\08nishihara\3dlv1_vs2019_00\gameprogramming\debug\gameprogramming.tlog\link-rc.write.1.tlog
c:\users\gc230\onedrive\デスクトップ\git\08nishihara\3dlv1_vs2019_00\gameprogramming\debug\gameprogramming.tlog\link.5528.read.1.tlog
c:\users\gc230\onedrive\デスクトップ\git\08nishihara\3dlv1_vs2019_00\gameprogramming\debug\gameprogramming.tlog\link.5528.write.1.tlog
c:\users\gc230\onedrive\デスクトップ\git\08nishihara\3dlv1_vs2019_00\gameprogramming\debug\gameprogramming.tlog\link.command.1.tlog
c:\users\gc230\onedrive\デスクトップ\git\08nishihara\3dlv1_vs2019_00\gameprogramming\debug\gameprogramming.tlog\link.read.1.tlog
c:\users\gc230\onedrive\デスクトップ\git\08nishihara\3dlv1_vs2019_00\gameprogramming\debug\gameprogramming.tlog\link.write.1.tlog
